2023-05-08 19:56:07 [restartedMain] INFO  com.emp.api.EmpAPI - Starting EmpAPI using Java 1.8.0_73 on LENOVO with PID 13628 (C:\Workspace\final industrialproject\EmployeeAPI\target\classes started by RAM in C:\Workspace\final industrialproject\EmployeeAPI)
2023-05-08 19:56:07 [restartedMain] INFO  com.emp.api.EmpAPI - No active profile set, falling back to default profiles: default
2023-05-08 19:56:07 [restartedMain] INFO  o.s.b.d.e.DevToolsPropertyDefaultsPostProcessor - Devtools property defaults active! Set 'spring.devtools.add-properties' to 'false' to disable
2023-05-08 19:56:07 [restartedMain] INFO  o.s.b.d.e.DevToolsPropertyDefaultsPostProcessor - For additional web related logging consider setting the 'logging.level.web' property to 'DEBUG'
2023-05-08 19:56:09 [restartedMain] INFO  o.s.d.r.c.RepositoryConfigurationDelegate - Bootstrapping Spring Data JPA repositories in DEFAULT mode.
2023-05-08 19:56:09 [restartedMain] INFO  o.s.d.r.c.RepositoryConfigurationDelegate - Finished Spring Data repository scanning in 14 ms. Found 0 JPA repository interfaces.
2023-05-08 19:56:10 [restartedMain] INFO  o.s.b.w.e.tomcat.TomcatWebServer - Tomcat initialized with port(s): 8090 (http)
2023-05-08 19:56:10 [restartedMain] INFO  o.a.catalina.core.StandardService - Starting service [Tomcat]
2023-05-08 19:56:10 [restartedMain] INFO  o.a.catalina.core.StandardEngine - Starting Servlet engine: [Apache Tomcat/9.0.48]
2023-05-08 19:56:10 [restartedMain] INFO  o.a.c.c.C.[Tomcat].[localhost].[/] - Initializing Spring embedded WebApplicationContext
2023-05-08 19:56:10 [restartedMain] INFO  o.s.b.w.s.c.ServletWebServerApplicationContext - Root WebApplicationContext: initialization completed in 2607 ms
2023-05-08 19:56:10 [restartedMain] INFO  org.hibernate.Version - HHH000412: Hibernate ORM core version 5.4.32.Final
2023-05-08 19:56:11 [restartedMain] INFO  o.h.annotations.common.Version - HCANN000001: Hibernate Commons Annotations {5.1.2.Final}
2023-05-08 19:56:12 [restartedMain] INFO  org.hibernate.dialect.Dialect - HHH000400: Using dialect: org.hibernate.dialect.PostgreSQLDialect
2023-05-08 19:56:13 [restartedMain] INFO  o.h.e.t.j.p.i.JtaPlatformInitiator - HHH000490: Using JtaPlatform implementation: [org.hibernate.engine.transaction.jta.platform.internal.NoJtaPlatform]
2023-05-08 19:56:13 [restartedMain] WARN  o.a.c.c.C.[Tomcat].[localhost].[/] - Cannot deserialize session attribute [SPRING_SECURITY_CONTEXT] for session [7555A8E5E07C09A9ED3CBC3E951D1ADC]
2023-05-08 19:56:13 [restartedMain] INFO  o.s.b.a.e.web.EndpointLinksResolver - Exposing 1 endpoint(s) beneath base path '/actuator'
2023-05-08 19:56:13 [restartedMain] INFO  o.s.s.web.DefaultSecurityFilterChain - Will secure Ant [pattern='/v2/api-docs'] with []
2023-05-08 19:56:13 [restartedMain] INFO  o.s.s.web.DefaultSecurityFilterChain - Will secure Ant [pattern='/configuration/ui'] with []
2023-05-08 19:56:13 [restartedMain] INFO  o.s.s.web.DefaultSecurityFilterChain - Will secure Ant [pattern='/swagger-resources/**'] with []
2023-05-08 19:56:13 [restartedMain] INFO  o.s.s.web.DefaultSecurityFilterChain - Will secure Ant [pattern='/configuration/security'] with []
2023-05-08 19:56:13 [restartedMain] INFO  o.s.s.web.DefaultSecurityFilterChain - Will secure Ant [pattern='/swagger-ui.html/**'] with []
2023-05-08 19:56:13 [restartedMain] INFO  o.s.s.web.DefaultSecurityFilterChain - Will secure Ant [pattern='/webjars/**'] with []
2023-05-08 19:56:14 [restartedMain] INFO  o.s.s.web.DefaultSecurityFilterChain - Will secure any request with [org.springframework.security.web.context.request.async.WebAsyncManagerIntegrationFilter@5dcf5775, org.springframework.security.web.context.SecurityContextPersistenceFilter@54a20369, org.springframework.security.web.header.HeaderWriterFilter@63d0766a, org.springframework.security.web.authentication.logout.LogoutFilter@202cf3fd, com.emp.api.config.JwtAuthenticationFilter@11045023, org.springframework.security.web.authentication.www.BasicAuthenticationFilter@1c6df36f, org.springframework.security.web.savedrequest.RequestCacheAwareFilter@7733dfad, org.springframework.security.web.servletapi.SecurityContextHolderAwareRequestFilter@7a01c7ac, org.springframework.security.web.authentication.AnonymousAuthenticationFilter@2eca2128, org.springframework.security.web.session.SessionManagementFilter@606a638b, org.springframework.security.web.access.ExceptionTranslationFilter@4aa3b735, org.springframework.security.web.access.intercept.FilterSecurityInterceptor@30071d38]
2023-05-08 19:56:14 [restartedMain] INFO  s.d.s.w.PropertySourcedRequestMappingHandlerMapping - Mapped URL path [/v2/api-docs] onto method [springfox.documentation.swagger2.web.Swagger2Controller#getDocumentation(String, HttpServletRequest)]
2023-05-08 19:56:14 [restartedMain] INFO  o.s.b.d.a.OptionalLiveReloadServer - LiveReload server is running on port 35729
2023-05-08 19:56:14 [restartedMain] WARN  o.s.b.a.o.j.JpaBaseConfiguration$JpaWebConfiguration - spring.jpa.open-in-view is enabled by default. Therefore, database queries may be performed during view rendering. Explicitly configure spring.jpa.open-in-view to disable this warning
2023-05-08 19:56:14 [restartedMain] INFO  o.s.b.w.e.tomcat.TomcatWebServer - Tomcat started on port(s): 8090 (http) with context path ''
2023-05-08 19:56:14 [restartedMain] INFO  s.d.s.w.p.DocumentationPluginsBootstrapper - Context refreshed
2023-05-08 19:56:14 [restartedMain] INFO  s.d.s.w.p.DocumentationPluginsBootstrapper - Found 1 custom documentation plugin(s)
2023-05-08 19:56:14 [restartedMain] INFO  s.d.s.w.s.ApiListingReferenceScanner - Scanning for api listing references
2023-05-08 19:56:14 [restartedMain] INFO  s.d.s.w.r.o.CachingOperationNameGenerator - Generating unique operation named: getDepartmentUsingGET_1
2023-05-08 19:56:14 [restartedMain] INFO  s.d.s.w.r.o.CachingOperationNameGenerator - Generating unique operation named: getDepartmentUsingGET_2
2023-05-08 19:56:14 [restartedMain] INFO  s.d.s.w.r.o.CachingOperationNameGenerator - Generating unique operation named: handleUsingGET_1
2023-05-08 19:56:14 [restartedMain] INFO  com.emp.api.EmpAPI - Started EmpAPI in 7.66 seconds (JVM running for 9.169)
2023-05-08 19:56:50 [RMI TCP Connection(3)-127.0.0.1] INFO  o.a.c.c.C.[Tomcat].[localhost].[/] - Initializing Spring DispatcherServlet 'dispatcherServlet'
2023-05-08 19:56:50 [RMI TCP Connection(3)-127.0.0.1] INFO  o.s.web.servlet.DispatcherServlet - Initializing Servlet 'dispatcherServlet'
2023-05-08 19:56:50 [RMI TCP Connection(3)-127.0.0.1] INFO  o.s.web.servlet.DispatcherServlet - Completed initialization in 3 ms
2023-05-08 20:07:26 [http-nio-8090-exec-5] WARN  o.s.web.servlet.PageNotFound - No mapping for GET /admin/getbyid
2023-05-08 20:13:00 [http-nio-8090-exec-9] WARN  o.h.e.jdbc.spi.SqlExceptionHelper - SQL Error: 0, SQLState: 23505
2023-05-08 20:13:00 [http-nio-8090-exec-9] ERROR o.h.e.jdbc.spi.SqlExceptionHelper - ERROR: duplicate key value violates unique constraint "uk_pw0qovdx93sxbpwf3rtlxgg0a"
  Detail: Key (mobileno)=(9876543211) already exists.
2023-05-08 20:19:50 [http-nio-8090-exec-8] WARN  org.hibernate.orm.deprecation - HHH90000022: Hibernate's legacy org.hibernate.Criteria API is deprecated; use the JPA javax.persistence.criteria.CriteriaQuery instead
2023-05-08 20:21:53 [http-nio-8090-exec-3] WARN  org.hibernate.orm.deprecation - HHH90000022: Hibernate's legacy org.hibernate.Criteria API is deprecated; use the JPA javax.persistence.criteria.CriteriaQuery instead
2023-05-08 20:22:52 [restartedMain] INFO  com.emp.api.EmpAPI - Starting EmpAPI using Java 1.8.0_73 on LENOVO with PID 13628 (C:\Workspace\final industrialproject\EmployeeAPI\target\classes started by RAM in C:\Workspace\final industrialproject\EmployeeAPI)
2023-05-08 20:22:52 [restartedMain] INFO  com.emp.api.EmpAPI - No active profile set, falling back to default profiles: default
2023-05-08 20:22:53 [restartedMain] INFO  o.s.d.r.c.RepositoryConfigurationDelegate - Bootstrapping Spring Data JPA repositories in DEFAULT mode.
2023-05-08 20:22:53 [restartedMain] INFO  o.s.d.r.c.RepositoryConfigurationDelegate - Finished Spring Data repository scanning in 16 ms. Found 0 JPA repository interfaces.
2023-05-08 20:22:53 [restartedMain] INFO  o.s.b.w.e.tomcat.TomcatWebServer - Tomcat initialized with port(s): 8090 (http)
2023-05-08 20:22:53 [restartedMain] INFO  o.a.catalina.core.StandardService - Starting service [Tomcat]
2023-05-08 20:22:53 [restartedMain] INFO  o.a.catalina.core.StandardEngine - Starting Servlet engine: [Apache Tomcat/9.0.48]
2023-05-08 20:22:53 [restartedMain] INFO  o.a.c.c.C.[Tomcat].[localhost].[/] - Initializing Spring embedded WebApplicationContext
2023-05-08 20:22:53 [restartedMain] INFO  o.s.b.w.s.c.ServletWebServerApplicationContext - Root WebApplicationContext: initialization completed in 1002 ms
2023-05-08 20:22:55 [restartedMain] INFO  org.hibernate.dialect.Dialect - HHH000400: Using dialect: org.hibernate.dialect.PostgreSQLDialect
2023-05-08 20:22:56 [restartedMain] INFO  o.h.e.t.j.p.i.JtaPlatformInitiator - HHH000490: Using JtaPlatform implementation: [org.hibernate.engine.transaction.jta.platform.internal.NoJtaPlatform]
2023-05-08 20:22:56 [restartedMain] WARN  o.a.c.c.C.[Tomcat].[localhost].[/] - Cannot deserialize session attribute [SPRING_SECURITY_CONTEXT] for session [BC0762C0F0BADD811D96714E90344328]
2023-05-08 20:22:56 [restartedMain] INFO  o.s.b.a.e.web.EndpointLinksResolver - Exposing 1 endpoint(s) beneath base path '/actuator'
2023-05-08 20:22:56 [restartedMain] INFO  o.s.s.web.DefaultSecurityFilterChain - Will secure Ant [pattern='/v2/api-docs'] with []
2023-05-08 20:22:56 [restartedMain] INFO  o.s.s.web.DefaultSecurityFilterChain - Will secure Ant [pattern='/configuration/ui'] with []
2023-05-08 20:22:56 [restartedMain] INFO  o.s.s.web.DefaultSecurityFilterChain - Will secure Ant [pattern='/swagger-resources/**'] with []
2023-05-08 20:22:56 [restartedMain] INFO  o.s.s.web.DefaultSecurityFilterChain - Will secure Ant [pattern='/configuration/security'] with []
2023-05-08 20:22:56 [restartedMain] INFO  o.s.s.web.DefaultSecurityFilterChain - Will secure Ant [pattern='/swagger-ui.html/**'] with []
2023-05-08 20:22:56 [restartedMain] INFO  o.s.s.web.DefaultSecurityFilterChain - Will secure Ant [pattern='/webjars/**'] with []
2023-05-08 20:22:56 [restartedMain] INFO  o.s.s.web.DefaultSecurityFilterChain - Will secure any request with [org.springframework.security.web.context.request.async.WebAsyncManagerIntegrationFilter@1da50a5c, org.springframework.security.web.context.SecurityContextPersistenceFilter@6858b87d, org.springframework.security.web.header.HeaderWriterFilter@6b6021b7, org.springframework.security.web.authentication.logout.LogoutFilter@74a86e5c, com.emp.api.config.JwtAuthenticationFilter@29a929c9, org.springframework.security.web.authentication.www.BasicAuthenticationFilter@4b09ff07, org.springframework.security.web.savedrequest.RequestCacheAwareFilter@8b930bf, org.springframework.security.web.servletapi.SecurityContextHolderAwareRequestFilter@62bec586, org.springframework.security.web.authentication.AnonymousAuthenticationFilter@f546f47, org.springframework.security.web.session.SessionManagementFilter@7bb8047f, org.springframework.security.web.access.ExceptionTranslationFilter@7be37c5d, org.springframework.security.web.access.intercept.FilterSecurityInterceptor@58eba122]
2023-05-08 20:22:56 [restartedMain] INFO  s.d.s.w.PropertySourcedRequestMappingHandlerMapping - Mapped URL path [/v2/api-docs] onto method [springfox.documentation.swagger2.web.Swagger2Controller#getDocumentation(String, HttpServletRequest)]
2023-05-08 20:22:56 [restartedMain] INFO  o.s.b.d.a.OptionalLiveReloadServer - LiveReload server is running on port 35729
2023-05-08 20:22:56 [restartedMain] WARN  o.s.b.a.o.j.JpaBaseConfiguration$JpaWebConfiguration - spring.jpa.open-in-view is enabled by default. Therefore, database queries may be performed during view rendering. Explicitly configure spring.jpa.open-in-view to disable this warning
2023-05-08 20:22:57 [restartedMain] INFO  o.s.b.w.e.tomcat.TomcatWebServer - Tomcat started on port(s): 8090 (http) with context path ''
2023-05-08 20:22:57 [restartedMain] INFO  s.d.s.w.p.DocumentationPluginsBootstrapper - Context refreshed
2023-05-08 20:22:57 [restartedMain] INFO  s.d.s.w.p.DocumentationPluginsBootstrapper - Found 1 custom documentation plugin(s)
2023-05-08 20:22:57 [restartedMain] INFO  s.d.s.w.s.ApiListingReferenceScanner - Scanning for api listing references
2023-05-08 20:22:57 [restartedMain] INFO  s.d.s.w.r.o.CachingOperationNameGenerator - Generating unique operation named: getDepartmentUsingGET_1
2023-05-08 20:22:57 [restartedMain] INFO  s.d.s.w.r.o.CachingOperationNameGenerator - Generating unique operation named: getDepartmentUsingGET_2
2023-05-08 20:22:57 [restartedMain] INFO  s.d.s.w.r.o.CachingOperationNameGenerator - Generating unique operation named: handleUsingGET_1
2023-05-08 20:22:57 [restartedMain] INFO  com.emp.api.EmpAPI - Started EmpAPI in 4.805 seconds (JVM running for 1611.56)
2023-05-08 20:22:57 [restartedMain] INFO  o.s.b.d.a.ConditionEvaluationDeltaLoggingListener - Condition evaluation unchanged
2023-05-08 20:22:58 [restartedMain] INFO  com.emp.api.EmpAPI - Starting EmpAPI using Java 1.8.0_73 on LENOVO with PID 13628 (C:\Workspace\final industrialproject\EmployeeAPI\target\classes started by RAM in C:\Workspace\final industrialproject\EmployeeAPI)
2023-05-08 20:22:58 [restartedMain] INFO  com.emp.api.EmpAPI - No active profile set, falling back to default profiles: default
2023-05-08 20:22:59 [restartedMain] INFO  o.s.d.r.c.RepositoryConfigurationDelegate - Bootstrapping Spring Data JPA repositories in DEFAULT mode.
2023-05-08 20:22:59 [restartedMain] INFO  o.s.d.r.c.RepositoryConfigurationDelegate - Finished Spring Data repository scanning in 29 ms. Found 0 JPA repository interfaces.
2023-05-08 20:22:59 [restartedMain] INFO  o.s.b.w.e.tomcat.TomcatWebServer - Tomcat initialized with port(s): 8090 (http)
2023-05-08 20:22:59 [restartedMain] INFO  o.a.catalina.core.StandardService - Starting service [Tomcat]
2023-05-08 20:22:59 [restartedMain] INFO  o.a.catalina.core.StandardEngine - Starting Servlet engine: [Apache Tomcat/9.0.48]
2023-05-08 20:22:59 [restartedMain] INFO  o.a.c.c.C.[Tomcat].[localhost].[/] - Initializing Spring embedded WebApplicationContext
2023-05-08 20:22:59 [restartedMain] INFO  o.s.b.w.s.c.ServletWebServerApplicationContext - Root WebApplicationContext: initialization completed in 705 ms
2023-05-08 20:23:00 [restartedMain] INFO  org.hibernate.dialect.Dialect - HHH000400: Using dialect: org.hibernate.dialect.PostgreSQLDialect
2023-05-08 20:23:00 [restartedMain] INFO  o.h.e.t.j.p.i.JtaPlatformInitiator - HHH000490: Using JtaPlatform implementation: [org.hibernate.engine.transaction.jta.platform.internal.NoJtaPlatform]
2023-05-08 20:23:00 [restartedMain] INFO  o.s.b.a.e.web.EndpointLinksResolver - Exposing 1 endpoint(s) beneath base path '/actuator'
2023-05-08 20:23:00 [restartedMain] INFO  o.s.s.web.DefaultSecurityFilterChain - Will secure Ant [pattern='/v2/api-docs'] with []
2023-05-08 20:23:00 [restartedMain] INFO  o.s.s.web.DefaultSecurityFilterChain - Will secure Ant [pattern='/configuration/ui'] with []
2023-05-08 20:23:00 [restartedMain] INFO  o.s.s.web.DefaultSecurityFilterChain - Will secure Ant [pattern='/swagger-resources/**'] with []
2023-05-08 20:23:00 [restartedMain] INFO  o.s.s.web.DefaultSecurityFilterChain - Will secure Ant [pattern='/configuration/security'] with []
2023-05-08 20:23:00 [restartedMain] INFO  o.s.s.web.DefaultSecurityFilterChain - Will secure Ant [pattern='/swagger-ui.html/**'] with []
2023-05-08 20:23:00 [restartedMain] INFO  o.s.s.web.DefaultSecurityFilterChain - Will secure Ant [pattern='/webjars/**'] with []
2023-05-08 20:23:00 [restartedMain] INFO  o.s.s.web.DefaultSecurityFilterChain - Will secure any request with [org.springframework.security.web.context.request.async.WebAsyncManagerIntegrationFilter@418e4224, org.springframework.security.web.context.SecurityContextPersistenceFilter@357de485, org.springframework.security.web.header.HeaderWriterFilter@16cb98df, org.springframework.security.web.authentication.logout.LogoutFilter@c8089a1, com.emp.api.config.JwtAuthenticationFilter@5692501d, org.springframework.security.web.authentication.www.BasicAuthenticationFilter@2bbd81f4, org.springframework.security.web.savedrequest.RequestCacheAwareFilter@60283669, org.springframework.security.web.servletapi.SecurityContextHolderAwareRequestFilter@2a6f57d3, org.springframework.security.web.authentication.AnonymousAuthenticationFilter@1abec261, org.springframework.security.web.session.SessionManagementFilter@66b34472, org.springframework.security.web.access.ExceptionTranslationFilter@56607c07, org.springframework.security.web.access.intercept.FilterSecurityInterceptor@7a53fe50]
2023-05-08 20:23:00 [restartedMain] INFO  s.d.s.w.PropertySourcedRequestMappingHandlerMapping - Mapped URL path [/v2/api-docs] onto method [springfox.documentation.swagger2.web.Swagger2Controller#getDocumentation(String, HttpServletRequest)]
2023-05-08 20:23:00 [restartedMain] INFO  o.s.b.d.a.OptionalLiveReloadServer - LiveReload server is running on port 35729
2023-05-08 20:23:01 [restartedMain] WARN  o.s.b.a.o.j.JpaBaseConfiguration$JpaWebConfiguration - spring.jpa.open-in-view is enabled by default. Therefore, database queries may be performed during view rendering. Explicitly configure spring.jpa.open-in-view to disable this warning
2023-05-08 20:23:01 [restartedMain] INFO  o.s.b.w.e.tomcat.TomcatWebServer - Tomcat started on port(s): 8090 (http) with context path ''
2023-05-08 20:23:01 [restartedMain] INFO  s.d.s.w.p.DocumentationPluginsBootstrapper - Context refreshed
2023-05-08 20:23:01 [restartedMain] INFO  s.d.s.w.p.DocumentationPluginsBootstrapper - Found 1 custom documentation plugin(s)
2023-05-08 20:23:01 [restartedMain] INFO  s.d.s.w.s.ApiListingReferenceScanner - Scanning for api listing references
2023-05-08 20:23:01 [restartedMain] INFO  s.d.s.w.r.o.CachingOperationNameGenerator - Generating unique operation named: getDepartmentUsingGET_1
2023-05-08 20:23:01 [restartedMain] INFO  s.d.s.w.r.o.CachingOperationNameGenerator - Generating unique operation named: getDepartmentUsingGET_2
2023-05-08 20:23:01 [restartedMain] INFO  s.d.s.w.r.o.CachingOperationNameGenerator - Generating unique operation named: handleUsingGET_1
2023-05-08 20:23:01 [restartedMain] INFO  com.emp.api.EmpAPI - Started EmpAPI in 2.458 seconds (JVM running for 1615.646)
2023-05-08 20:23:01 [restartedMain] INFO  o.s.b.d.a.ConditionEvaluationDeltaLoggingListener - Condition evaluation unchanged
2023-05-08 20:24:30 [http-nio-8090-exec-2] INFO  o.a.c.c.C.[Tomcat].[localhost].[/] - Initializing Spring DispatcherServlet 'dispatcherServlet'
2023-05-08 20:24:30 [http-nio-8090-exec-2] INFO  o.s.web.servlet.DispatcherServlet - Initializing Servlet 'dispatcherServlet'
2023-05-08 20:24:30 [http-nio-8090-exec-2] INFO  o.s.web.servlet.DispatcherServlet - Completed initialization in 2 ms
2023-05-08 20:28:27 [http-nio-8090-exec-7] WARN  org.hibernate.orm.deprecation - HHH90000022: Hibernate's legacy org.hibernate.Criteria API is deprecated; use the JPA javax.persistence.criteria.CriteriaQuery instead
2023-05-08 20:32:59 [restartedMain] INFO  com.emp.api.EmpAPI - Starting EmpAPI using Java 1.8.0_73 on LENOVO with PID 13628 (C:\Workspace\final industrialproject\EmployeeAPI\target\classes started by RAM in C:\Workspace\final industrialproject\EmployeeAPI)
2023-05-08 20:32:59 [restartedMain] INFO  com.emp.api.EmpAPI - No active profile set, falling back to default profiles: default
2023-05-08 20:32:59 [restartedMain] INFO  o.s.d.r.c.RepositoryConfigurationDelegate - Bootstrapping Spring Data JPA repositories in DEFAULT mode.
2023-05-08 20:32:59 [restartedMain] INFO  o.s.d.r.c.RepositoryConfigurationDelegate - Finished Spring Data repository scanning in 8 ms. Found 0 JPA repository interfaces.
2023-05-08 20:32:59 [restartedMain] INFO  o.s.b.w.e.tomcat.TomcatWebServer - Tomcat initialized with port(s): 8090 (http)
2023-05-08 20:32:59 [restartedMain] INFO  o.a.catalina.core.StandardService - Starting service [Tomcat]
2023-05-08 20:32:59 [restartedMain] INFO  o.a.catalina.core.StandardEngine - Starting Servlet engine: [Apache Tomcat/9.0.48]
2023-05-08 20:32:59 [restartedMain] INFO  o.a.c.c.C.[Tomcat].[localhost].[/] - Initializing Spring embedded WebApplicationContext
2023-05-08 20:32:59 [restartedMain] INFO  o.s.b.w.s.c.ServletWebServerApplicationContext - Root WebApplicationContext: initialization completed in 555 ms
2023-05-08 20:33:00 [restartedMain] INFO  org.hibernate.dialect.Dialect - HHH000400: Using dialect: org.hibernate.dialect.PostgreSQLDialect
2023-05-08 20:33:01 [restartedMain] INFO  o.h.e.t.j.p.i.JtaPlatformInitiator - HHH000490: Using JtaPlatform implementation: [org.hibernate.engine.transaction.jta.platform.internal.NoJtaPlatform]
2023-05-08 20:33:01 [restartedMain] WARN  o.a.c.c.C.[Tomcat].[localhost].[/] - Cannot deserialize session attribute [SPRING_SECURITY_CONTEXT] for session [D279F1375DBEB3FE55B0027703B0B2CC]
2023-05-08 20:33:01 [restartedMain] INFO  o.s.b.a.e.web.EndpointLinksResolver - Exposing 1 endpoint(s) beneath base path '/actuator'
2023-05-08 20:33:01 [restartedMain] INFO  o.s.s.web.DefaultSecurityFilterChain - Will secure Ant [pattern='/v2/api-docs'] with []
2023-05-08 20:33:01 [restartedMain] INFO  o.s.s.web.DefaultSecurityFilterChain - Will secure Ant [pattern='/configuration/ui'] with []
2023-05-08 20:33:01 [restartedMain] INFO  o.s.s.web.DefaultSecurityFilterChain - Will secure Ant [pattern='/swagger-resources/**'] with []
2023-05-08 20:33:01 [restartedMain] INFO  o.s.s.web.DefaultSecurityFilterChain - Will secure Ant [pattern='/configuration/security'] with []
2023-05-08 20:33:01 [restartedMain] INFO  o.s.s.web.DefaultSecurityFilterChain - Will secure Ant [pattern='/swagger-ui.html/**'] with []
2023-05-08 20:33:01 [restartedMain] INFO  o.s.s.web.DefaultSecurityFilterChain - Will secure Ant [pattern='/webjars/**'] with []
2023-05-08 20:33:01 [restartedMain] INFO  o.s.s.web.DefaultSecurityFilterChain - Will secure any request with [org.springframework.security.web.context.request.async.WebAsyncManagerIntegrationFilter@7a8dd21c, org.springframework.security.web.context.SecurityContextPersistenceFilter@35151939, org.springframework.security.web.header.HeaderWriterFilter@68efc701, org.springframework.security.web.authentication.logout.LogoutFilter@398c808, com.emp.api.config.JwtAuthenticationFilter@5e7fa0a1, org.springframework.security.web.authentication.www.BasicAuthenticationFilter@5f0b77bc, org.springframework.security.web.savedrequest.RequestCacheAwareFilter@5f32825b, org.springframework.security.web.servletapi.SecurityContextHolderAwareRequestFilter@49f39173, org.springframework.security.web.authentication.AnonymousAuthenticationFilter@66809c22, org.springframework.security.web.session.SessionManagementFilter@6ba79b55, org.springframework.security.web.access.ExceptionTranslationFilter@20c94080, org.springframework.security.web.access.intercept.FilterSecurityInterceptor@331d6183]
2023-05-08 20:33:01 [restartedMain] INFO  s.d.s.w.PropertySourcedRequestMappingHandlerMapping - Mapped URL path [/v2/api-docs] onto method [springfox.documentation.swagger2.web.Swagger2Controller#getDocumentation(String, HttpServletRequest)]
2023-05-08 20:33:01 [restartedMain] INFO  o.s.b.d.a.OptionalLiveReloadServer - LiveReload server is running on port 35729
2023-05-08 20:33:01 [restartedMain] WARN  o.s.b.a.o.j.JpaBaseConfiguration$JpaWebConfiguration - spring.jpa.open-in-view is enabled by default. Therefore, database queries may be performed during view rendering. Explicitly configure spring.jpa.open-in-view to disable this warning
2023-05-08 20:33:01 [restartedMain] INFO  o.s.b.w.e.tomcat.TomcatWebServer - Tomcat started on port(s): 8090 (http) with context path ''
2023-05-08 20:33:01 [restartedMain] INFO  s.d.s.w.p.DocumentationPluginsBootstrapper - Context refreshed
2023-05-08 20:33:01 [restartedMain] INFO  s.d.s.w.p.DocumentationPluginsBootstrapper - Found 1 custom documentation plugin(s)
2023-05-08 20:33:01 [restartedMain] INFO  s.d.s.w.s.ApiListingReferenceScanner - Scanning for api listing references
2023-05-08 20:33:01 [restartedMain] INFO  s.d.s.w.r.o.CachingOperationNameGenerator - Generating unique operation named: getDepartmentUsingGET_1
2023-05-08 20:33:01 [restartedMain] INFO  s.d.s.w.r.o.CachingOperationNameGenerator - Generating unique operation named: getDepartmentUsingGET_2
2023-05-08 20:33:01 [restartedMain] INFO  s.d.s.w.r.o.CachingOperationNameGenerator - Generating unique operation named: handleUsingGET_1
2023-05-08 20:33:01 [restartedMain] INFO  com.emp.api.EmpAPI - Started EmpAPI in 2.415 seconds (JVM running for 2216.097)
2023-05-08 20:33:01 [restartedMain] INFO  o.s.b.d.a.ConditionEvaluationDeltaLoggingListener - Condition evaluation unchanged
2023-05-08 20:33:13 [http-nio-8090-exec-2] INFO  o.a.c.c.C.[Tomcat].[localhost].[/] - Initializing Spring DispatcherServlet 'dispatcherServlet'
2023-05-08 20:33:13 [http-nio-8090-exec-2] INFO  o.s.web.servlet.DispatcherServlet - Initializing Servlet 'dispatcherServlet'
2023-05-08 20:33:13 [http-nio-8090-exec-2] INFO  o.s.web.servlet.DispatcherServlet - Completed initialization in 3 ms
2023-05-08 20:33:13 [http-nio-8090-exec-2] WARN  org.hibernate.orm.deprecation - HHH90000022: Hibernate's legacy org.hibernate.Criteria API is deprecated; use the JPA javax.persistence.criteria.CriteriaQuery instead
2023-05-08 20:34:31 [restartedMain] INFO  com.emp.api.EmpAPI - Starting EmpAPI using Java 1.8.0_73 on LENOVO with PID 13628 (C:\Workspace\final industrialproject\EmployeeAPI\target\classes started by RAM in C:\Workspace\final industrialproject\EmployeeAPI)
2023-05-08 20:34:31 [restartedMain] INFO  com.emp.api.EmpAPI - No active profile set, falling back to default profiles: default
2023-05-08 20:34:32 [restartedMain] INFO  o.s.d.r.c.RepositoryConfigurationDelegate - Bootstrapping Spring Data JPA repositories in DEFAULT mode.
2023-05-08 20:34:32 [restartedMain] INFO  o.s.d.r.c.RepositoryConfigurationDelegate - Finished Spring Data repository scanning in 11 ms. Found 0 JPA repository interfaces.
2023-05-08 20:34:32 [restartedMain] INFO  o.s.b.w.e.tomcat.TomcatWebServer - Tomcat initialized with port(s): 8090 (http)
2023-05-08 20:34:32 [restartedMain] INFO  o.a.catalina.core.StandardService - Starting service [Tomcat]
2023-05-08 20:34:32 [restartedMain] INFO  o.a.catalina.core.StandardEngine - Starting Servlet engine: [Apache Tomcat/9.0.48]
2023-05-08 20:34:32 [restartedMain] INFO  o.a.c.c.C.[Tomcat].[localhost].[/] - Initializing Spring embedded WebApplicationContext
2023-05-08 20:34:32 [restartedMain] INFO  o.s.b.w.s.c.ServletWebServerApplicationContext - Root WebApplicationContext: initialization completed in 701 ms
2023-05-08 20:34:33 [restartedMain] INFO  org.hibernate.dialect.Dialect - HHH000400: Using dialect: org.hibernate.dialect.PostgreSQLDialect
2023-05-08 20:34:33 [restartedMain] INFO  o.h.e.t.j.p.i.JtaPlatformInitiator - HHH000490: Using JtaPlatform implementation: [org.hibernate.engine.transaction.jta.platform.internal.NoJtaPlatform]
2023-05-08 20:34:33 [restartedMain] WARN  o.a.c.c.C.[Tomcat].[localhost].[/] - Cannot deserialize session attribute [SPRING_SECURITY_CONTEXT] for session [4307FD89A3D454B7ABC1711167FB06AA]
2023-05-08 20:34:33 [restartedMain] INFO  o.s.b.a.e.web.EndpointLinksResolver - Exposing 1 endpoint(s) beneath base path '/actuator'
2023-05-08 20:34:33 [restartedMain] INFO  o.s.s.web.DefaultSecurityFilterChain - Will secure Ant [pattern='/v2/api-docs'] with []
2023-05-08 20:34:33 [restartedMain] INFO  o.s.s.web.DefaultSecurityFilterChain - Will secure Ant [pattern='/configuration/ui'] with []
2023-05-08 20:34:33 [restartedMain] INFO  o.s.s.web.DefaultSecurityFilterChain - Will secure Ant [pattern='/swagger-resources/**'] with []
2023-05-08 20:34:33 [restartedMain] INFO  o.s.s.web.DefaultSecurityFilterChain - Will secure Ant [pattern='/configuration/security'] with []
2023-05-08 20:34:33 [restartedMain] INFO  o.s.s.web.DefaultSecurityFilterChain - Will secure Ant [pattern='/swagger-ui.html/**'] with []
2023-05-08 20:34:33 [restartedMain] INFO  o.s.s.web.DefaultSecurityFilterChain - Will secure Ant [pattern='/webjars/**'] with []
2023-05-08 20:34:33 [restartedMain] INFO  o.s.s.web.DefaultSecurityFilterChain - Will secure any request with [org.springframework.security.web.context.request.async.WebAsyncManagerIntegrationFilter@3da0e89b, org.springframework.security.web.context.SecurityContextPersistenceFilter@7a63a055, org.springframework.security.web.header.HeaderWriterFilter@5dc5eb83, org.springframework.security.web.authentication.logout.LogoutFilter@1004a1fa, com.emp.api.config.JwtAuthenticationFilter@4e23840a, org.springframework.security.web.authentication.www.BasicAuthenticationFilter@b5b6df, org.springframework.security.web.savedrequest.RequestCacheAwareFilter@562cf65, org.springframework.security.web.servletapi.SecurityContextHolderAwareRequestFilter@7709b5b9, org.springframework.security.web.authentication.AnonymousAuthenticationFilter@787912d8, org.springframework.security.web.session.SessionManagementFilter@41782e69, org.springframework.security.web.access.ExceptionTranslationFilter@138d9e72, org.springframework.security.web.access.intercept.FilterSecurityInterceptor@21f15f5a]
2023-05-08 20:34:33 [restartedMain] INFO  s.d.s.w.PropertySourcedRequestMappingHandlerMapping - Mapped URL path [/v2/api-docs] onto method [springfox.documentation.swagger2.web.Swagger2Controller#getDocumentation(String, HttpServletRequest)]
2023-05-08 20:34:33 [restartedMain] INFO  o.s.b.d.a.OptionalLiveReloadServer - LiveReload server is running on port 35729
2023-05-08 20:34:33 [restartedMain] WARN  o.s.b.a.o.j.JpaBaseConfiguration$JpaWebConfiguration - spring.jpa.open-in-view is enabled by default. Therefore, database queries may be performed during view rendering. Explicitly configure spring.jpa.open-in-view to disable this warning
2023-05-08 20:34:33 [restartedMain] INFO  o.s.b.w.e.tomcat.TomcatWebServer - Tomcat started on port(s): 8090 (http) with context path ''
2023-05-08 20:34:33 [restartedMain] INFO  s.d.s.w.p.DocumentationPluginsBootstrapper - Context refreshed
2023-05-08 20:34:33 [restartedMain] INFO  s.d.s.w.p.DocumentationPluginsBootstrapper - Found 1 custom documentation plugin(s)
2023-05-08 20:34:33 [restartedMain] INFO  s.d.s.w.s.ApiListingReferenceScanner - Scanning for api listing references
2023-05-08 20:34:34 [restartedMain] INFO  s.d.s.w.r.o.CachingOperationNameGenerator - Generating unique operation named: getDepartmentUsingGET_1
2023-05-08 20:34:34 [restartedMain] INFO  s.d.s.w.r.o.CachingOperationNameGenerator - Generating unique operation named: getDepartmentUsingGET_2
2023-05-08 20:34:34 [restartedMain] INFO  s.d.s.w.r.o.CachingOperationNameGenerator - Generating unique operation named: handleUsingGET_1
2023-05-08 20:34:34 [restartedMain] INFO  com.emp.api.EmpAPI - Started EmpAPI in 2.187 seconds (JVM running for 2308.416)
2023-05-08 20:34:34 [restartedMain] INFO  o.s.b.d.a.ConditionEvaluationDeltaLoggingListener - Condition evaluation unchanged
2023-05-08 20:36:19 [http-nio-8090-exec-2] INFO  o.a.c.c.C.[Tomcat].[localhost].[/] - Initializing Spring DispatcherServlet 'dispatcherServlet'
2023-05-08 20:36:19 [http-nio-8090-exec-2] INFO  o.s.web.servlet.DispatcherServlet - Initializing Servlet 'dispatcherServlet'
2023-05-08 20:36:19 [http-nio-8090-exec-2] INFO  o.s.web.servlet.DispatcherServlet - Completed initialization in 3 ms
2023-05-08 20:36:43 [http-nio-8090-exec-3] WARN  org.hibernate.orm.deprecation - HHH90000022: Hibernate's legacy org.hibernate.Criteria API is deprecated; use the JPA javax.persistence.criteria.CriteriaQuery instead
2023-05-08 20:36:59 [http-nio-8090-exec-4] WARN  org.hibernate.orm.deprecation - HHH90000022: Hibernate's legacy org.hibernate.Criteria API is deprecated; use the JPA javax.persistence.criteria.CriteriaQuery instead
2023-05-08 20:37:28 [http-nio-8090-exec-5] WARN  org.hibernate.orm.deprecation - HHH90000022: Hibernate's legacy org.hibernate.Criteria API is deprecated; use the JPA javax.persistence.criteria.CriteriaQuery instead
2023-05-08 20:39:42 [http-nio-8090-exec-10] WARN  org.hibernate.orm.deprecation - HHH90000022: Hibernate's legacy org.hibernate.Criteria API is deprecated; use the JPA javax.persistence.criteria.CriteriaQuery instead
2023-05-08 21:03:43 [restartedMain] INFO  com.emp.api.EmpAPI - Starting EmpAPI using Java 1.8.0_73 on LENOVO with PID 13628 (C:\Workspace\final industrialproject\EmployeeAPI\target\classes started by RAM in C:\Workspace\final industrialproject\EmployeeAPI)
2023-05-08 21:03:43 [restartedMain] INFO  com.emp.api.EmpAPI - No active profile set, falling back to default profiles: default
2023-05-08 21:03:44 [restartedMain] INFO  o.s.d.r.c.RepositoryConfigurationDelegate - Bootstrapping Spring Data JPA repositories in DEFAULT mode.
2023-05-08 21:03:44 [restartedMain] INFO  o.s.d.r.c.RepositoryConfigurationDelegate - Finished Spring Data repository scanning in 13 ms. Found 0 JPA repository interfaces.
2023-05-08 21:03:44 [restartedMain] INFO  o.s.b.w.e.tomcat.TomcatWebServer - Tomcat initialized with port(s): 8090 (http)
2023-05-08 21:03:44 [restartedMain] INFO  o.a.catalina.core.StandardService - Starting service [Tomcat]
2023-05-08 21:03:44 [restartedMain] INFO  o.a.catalina.core.StandardEngine - Starting Servlet engine: [Apache Tomcat/9.0.48]
2023-05-08 21:03:44 [restartedMain] INFO  o.a.c.c.C.[Tomcat].[localhost].[/] - Initializing Spring embedded WebApplicationContext
2023-05-08 21:03:44 [restartedMain] INFO  o.s.b.w.s.c.ServletWebServerApplicationContext - Root WebApplicationContext: initialization completed in 639 ms
2023-05-08 21:03:45 [restartedMain] INFO  org.hibernate.dialect.Dialect - HHH000400: Using dialect: org.hibernate.dialect.PostgreSQLDialect
2023-05-08 21:03:45 [restartedMain] INFO  o.h.e.t.j.p.i.JtaPlatformInitiator - HHH000490: Using JtaPlatform implementation: [org.hibernate.engine.transaction.jta.platform.internal.NoJtaPlatform]
2023-05-08 21:03:45 [restartedMain] WARN  o.a.c.c.C.[Tomcat].[localhost].[/] - Cannot deserialize session attribute [SPRING_SECURITY_CONTEXT] for session [2A4F46318ADA6105313E14560D53950E]
2023-05-08 21:03:45 [restartedMain] ERROR o.a.catalina.session.StandardManager - Exception loading sessions from persistent storage
java.lang.ClassCastException: java.io.ObjectStreamClass cannot be cast to java.lang.String
	at java.io.ObjectInputStream.readTypeString(ObjectInputStream.java:1419) ~[na:1.8.0_73]
	at java.io.ObjectStreamClass.readNonProxy(ObjectStreamClass.java:719) ~[na:1.8.0_73]
	at java.io.ObjectInputStream.readClassDescriptor(ObjectInputStream.java:831) ~[na:1.8.0_73]
	at java.io.ObjectInputStream.readNonProxyDesc(ObjectInputStream.java:1602) ~[na:1.8.0_73]
	at java.io.ObjectInputStream.readClassDesc(ObjectInputStream.java:1518) ~[na:1.8.0_73]
	at java.io.ObjectInputStream.readOrdinaryObject(ObjectInputStream.java:1774) ~[na:1.8.0_73]
	at java.io.ObjectInputStream.readObject0(ObjectInputStream.java:1351) ~[na:1.8.0_73]
	at java.io.ObjectInputStream.readObject(ObjectInputStream.java:371) ~[na:1.8.0_73]
	at org.apache.catalina.session.StandardSession.doReadObject(StandardSession.java:1609) ~[tomcat-embed-core-9.0.48.jar:9.0.48]
	at org.apache.catalina.session.StandardSession.readObjectData(StandardSession.java:1050) ~[tomcat-embed-core-9.0.48.jar:9.0.48]
	at org.apache.catalina.session.StandardManager.doLoad(StandardManager.java:219) ~[tomcat-embed-core-9.0.48.jar:9.0.48]
	at org.apache.catalina.session.StandardManager.load(StandardManager.java:162) ~[tomcat-embed-core-9.0.48.jar:9.0.48]
	at org.apache.catalina.session.StandardManager.startInternal(StandardManager.java:356) ~[tomcat-embed-core-9.0.48.jar:9.0.48]
	at org.apache.catalina.util.LifecycleBase.start(LifecycleBase.java:183) [tomcat-embed-core-9.0.48.jar:9.0.48]
	at org.apache.catalina.core.StandardContext.startInternal(StandardContext.java:5247) [tomcat-embed-core-9.0.48.jar:9.0.48]
	at org.apache.catalina.util.LifecycleBase.start(LifecycleBase.java:183) [tomcat-embed-core-9.0.48.jar:9.0.48]
	at org.apache.catalina.core.ContainerBase$StartChild.call(ContainerBase.java:1398) [tomcat-embed-core-9.0.48.jar:9.0.48]
	at org.apache.catalina.core.ContainerBase$StartChild.call(ContainerBase.java:1388) [tomcat-embed-core-9.0.48.jar:9.0.48]
	at java.util.concurrent.FutureTask.run(FutureTask.java:266) [na:1.8.0_73]
	at org.apache.tomcat.util.threads.InlineExecutorService.execute(InlineExecutorService.java:75) [tomcat-embed-core-9.0.48.jar:9.0.48]
	at java.util.concurrent.AbstractExecutorService.submit(AbstractExecutorService.java:134) [na:1.8.0_73]
	at org.apache.catalina.core.ContainerBase.startInternal(ContainerBase.java:921) [tomcat-embed-core-9.0.48.jar:9.0.48]
	at org.apache.catalina.core.StandardHost.startInternal(StandardHost.java:835) [tomcat-embed-core-9.0.48.jar:9.0.48]
	at org.apache.catalina.util.LifecycleBase.start(LifecycleBase.java:183) [tomcat-embed-core-9.0.48.jar:9.0.48]
	at org.apache.catalina.core.ContainerBase$StartChild.call(ContainerBase.java:1398) [tomcat-embed-core-9.0.48.jar:9.0.48]
	at org.apache.catalina.core.ContainerBase$StartChild.call(ContainerBase.java:1388) [tomcat-embed-core-9.0.48.jar:9.0.48]
	at java.util.concurrent.FutureTask.run(FutureTask.java:266) [na:1.8.0_73]
	at org.apache.tomcat.util.threads.InlineExecutorService.execute(InlineExecutorService.java:75) [tomcat-embed-core-9.0.48.jar:9.0.48]
	at java.util.concurrent.AbstractExecutorService.submit(AbstractExecutorService.java:134) [na:1.8.0_73]
	at org.apache.catalina.core.ContainerBase.startInternal(ContainerBase.java:921) [tomcat-embed-core-9.0.48.jar:9.0.48]
	at org.apache.catalina.core.StandardEngine.startInternal(StandardEngine.java:263) [tomcat-embed-core-9.0.48.jar:9.0.48]
	at org.apache.catalina.util.LifecycleBase.start(LifecycleBase.java:183) [tomcat-embed-core-9.0.48.jar:9.0.48]
	at org.apache.catalina.core.StandardService.startInternal(StandardService.java:437) [tomcat-embed-core-9.0.48.jar:9.0.48]
	at org.apache.catalina.util.LifecycleBase.start(LifecycleBase.java:183) [tomcat-embed-core-9.0.48.jar:9.0.48]
	at org.apache.catalina.core.StandardServer.startInternal(StandardServer.java:934) [tomcat-embed-core-9.0.48.jar:9.0.48]
	at org.apache.catalina.util.LifecycleBase.start(LifecycleBase.java:183) [tomcat-embed-core-9.0.48.jar:9.0.48]
	at org.apache.catalina.startup.Tomcat.start(Tomcat.java:486) [tomcat-embed-core-9.0.48.jar:9.0.48]
	at org.springframework.boot.web.embedded.tomcat.TomcatWebServer.initialize(TomcatWebServer.java:123) [spring-boot-2.5.2.jar:2.5.2]
	at org.springframework.boot.web.embedded.tomcat.TomcatWebServer.<init>(TomcatWebServer.java:104) [spring-boot-2.5.2.jar:2.5.2]
	at org.springframework.boot.web.embedded.tomcat.TomcatServletWebServerFactory.getTomcatWebServer(TomcatServletWebServerFactory.java:450) [spring-boot-2.5.2.jar:2.5.2]
	at org.springframework.boot.web.embedded.tomcat.TomcatServletWebServerFactory.getWebServer(TomcatServletWebServerFactory.java:199) [spring-boot-2.5.2.jar:2.5.2]
	at org.springframework.boot.web.servlet.context.ServletWebServerApplicationContext.createWebServer(ServletWebServerApplicationContext.java:182) [spring-boot-2.5.2.jar:2.5.2]
	at org.springframework.boot.web.servlet.context.ServletWebServerApplicationContext.onRefresh(ServletWebServerApplicationContext.java:160) [spring-boot-2.5.2.jar:2.5.2]
	at org.springframework.context.support.AbstractApplicationContext.refresh(AbstractApplicationContext.java:577) [spring-context-5.3.8.jar:5.3.8]
	at org.springframework.boot.web.servlet.context.ServletWebServerApplicationContext.refresh(ServletWebServerApplicationContext.java:145) [spring-boot-2.5.2.jar:2.5.2]
	at org.springframework.boot.SpringApplication.refresh(SpringApplication.java:754) [spring-boot-2.5.2.jar:2.5.2]
	at org.springframework.boot.SpringApplication.refreshContext(SpringApplication.java:434) [spring-boot-2.5.2.jar:2.5.2]
	at org.springframework.boot.SpringApplication.run(SpringApplication.java:338) [spring-boot-2.5.2.jar:2.5.2]
	at org.springframework.boot.SpringApplication.run(SpringApplication.java:1343) [spring-boot-2.5.2.jar:2.5.2]
	at org.springframework.boot.SpringApplication.run(SpringApplication.java:1332) [spring-boot-2.5.2.jar:2.5.2]
	at com.emp.api.EmpAPI.main(EmpAPI.java:10) [classes/:na]
	at sun.reflect.NativeMethodAccessorImpl.invoke0(Native Method) ~[na:1.8.0_73]
	at sun.reflect.NativeMethodAccessorImpl.invoke(NativeMethodAccessorImpl.java:62) ~[na:1.8.0_73]
	at sun.reflect.DelegatingMethodAccessorImpl.invoke(DelegatingMethodAccessorImpl.java:43) ~[na:1.8.0_73]
	at java.lang.reflect.Method.invoke(Method.java:497) ~[na:1.8.0_73]
	at org.springframework.boot.devtools.restart.RestartLauncher.run(RestartLauncher.java:49) [spring-boot-devtools-2.5.2.jar:2.5.2]
2023-05-08 21:03:46 [restartedMain] INFO  o.s.b.a.e.web.EndpointLinksResolver - Exposing 1 endpoint(s) beneath base path '/actuator'
2023-05-08 21:03:46 [restartedMain] INFO  o.s.s.web.DefaultSecurityFilterChain - Will secure Ant [pattern='/v2/api-docs'] with []
2023-05-08 21:03:46 [restartedMain] INFO  o.s.s.web.DefaultSecurityFilterChain - Will secure Ant [pattern='/configuration/ui'] with []
2023-05-08 21:03:46 [restartedMain] INFO  o.s.s.web.DefaultSecurityFilterChain - Will secure Ant [pattern='/swagger-resources/**'] with []
2023-05-08 21:03:46 [restartedMain] INFO  o.s.s.web.DefaultSecurityFilterChain - Will secure Ant [pattern='/configuration/security'] with []
2023-05-08 21:03:46 [restartedMain] INFO  o.s.s.web.DefaultSecurityFilterChain - Will secure Ant [pattern='/swagger-ui.html/**'] with []
2023-05-08 21:03:46 [restartedMain] INFO  o.s.s.web.DefaultSecurityFilterChain - Will secure Ant [pattern='/webjars/**'] with []
2023-05-08 21:03:46 [restartedMain] INFO  o.s.s.web.DefaultSecurityFilterChain - Will secure any request with [org.springframework.security.web.context.request.async.WebAsyncManagerIntegrationFilter@13e96aeb, org.springframework.security.web.context.SecurityContextPersistenceFilter@11c1073a, org.springframework.security.web.header.HeaderWriterFilter@57676685, org.springframework.security.web.authentication.logout.LogoutFilter@39cd574f, com.emp.api.config.JwtAuthenticationFilter@1e4159b0, org.springframework.security.web.authentication.www.BasicAuthenticationFilter@f16e11e, org.springframework.security.web.savedrequest.RequestCacheAwareFilter@1bae911e, org.springframework.security.web.servletapi.SecurityContextHolderAwareRequestFilter@77919fa0, org.springframework.security.web.authentication.AnonymousAuthenticationFilter@5652422e, org.springframework.security.web.session.SessionManagementFilter@5b518762, org.springframework.security.web.access.ExceptionTranslationFilter@7a2e196d, org.springframework.security.web.access.intercept.FilterSecurityInterceptor@7de412ed]
2023-05-08 21:03:46 [restartedMain] INFO  s.d.s.w.PropertySourcedRequestMappingHandlerMapping - Mapped URL path [/v2/api-docs] onto method [springfox.documentation.swagger2.web.Swagger2Controller#getDocumentation(String, HttpServletRequest)]
2023-05-08 21:03:46 [restartedMain] INFO  o.s.b.d.a.OptionalLiveReloadServer - LiveReload server is running on port 35729
2023-05-08 21:03:46 [restartedMain] WARN  o.s.b.a.o.j.JpaBaseConfiguration$JpaWebConfiguration - spring.jpa.open-in-view is enabled by default. Therefore, database queries may be performed during view rendering. Explicitly configure spring.jpa.open-in-view to disable this warning
2023-05-08 21:03:46 [restartedMain] INFO  o.s.b.w.e.tomcat.TomcatWebServer - Tomcat started on port(s): 8090 (http) with context path ''
2023-05-08 21:03:46 [restartedMain] INFO  s.d.s.w.p.DocumentationPluginsBootstrapper - Context refreshed
2023-05-08 21:03:46 [restartedMain] INFO  s.d.s.w.p.DocumentationPluginsBootstrapper - Found 1 custom documentation plugin(s)
2023-05-08 21:03:46 [restartedMain] INFO  s.d.s.w.s.ApiListingReferenceScanner - Scanning for api listing references
2023-05-08 21:03:46 [restartedMain] INFO  s.d.s.w.r.o.CachingOperationNameGenerator - Generating unique operation named: getDepartmentUsingGET_1
2023-05-08 21:03:46 [restartedMain] INFO  s.d.s.w.r.o.CachingOperationNameGenerator - Generating unique operation named: getDepartmentUsingGET_2
2023-05-08 21:03:46 [restartedMain] INFO  s.d.s.w.r.o.CachingOperationNameGenerator - Generating unique operation named: handleUsingGET_1
2023-05-08 21:03:46 [restartedMain] INFO  com.emp.api.EmpAPI - Started EmpAPI in 2.674 seconds (JVM running for 4060.837)
2023-05-08 21:03:46 [restartedMain] INFO  o.s.b.d.a.ConditionEvaluationDeltaLoggingListener - Condition evaluation unchanged
2023-05-08 21:58:21 [RMI TCP Connection(131)-127.0.0.1] INFO  o.s.b.a.SpringApplicationAdminMXBeanRegistrar$SpringApplicationAdmin - Application shutdown requested.
